# JRE version: Java(TM) SE Runtime Environment (8.0_73-b02) (build 1.8.0_73-b02)
# Java VM: Java HotSpot(TM) 64-Bit Server VM (25.73-b02 mixed mode windows-amd64 compressed oops)
Heap:
 PSYoungGen      total 18944K, used 450K [0x00000000eb180000, 0x00000000ec680000, 0x0000000100000000)
  eden space 16384K, 2% used [0x00000000eb180000,0x00000000eb1f08d8,0x00000000ec180000)
  from space 2560K, 0% used [0x00000000ec400000,0x00000000ec400000,0x00000000ec680000)
  to   space 2560K, 0% used [0x00000000ec180000,0x00000000ec180000,0x00000000ec400000)
 ParOldGen       total 69120K, used 35480K [0x00000000c1400000, 0x00000000c5780000, 0x00000000eb180000)
  object space 69120K, 51% used [0x00000000c1400000,0x00000000c36a6100,0x00000000c5780000)
 Metaspace       used 10853K, capacity 11048K, committed 11392K, reserved 1058816K
  class space    used 1264K, capacity 1318K, committed 1408K, reserved 1048576K
GC Heap History (10 events):
Event: 30.529 GC heap before
{Heap before GC invocations=1 (full 0):
 PSYoungGen      total 18944K, used 16384K [0x00000000eb180000, 0x00000000ec680000, 0x0000000100000000)
  eden space 16384K, 100% used [0x00000000eb180000,0x00000000ec180000,0x00000000ec180000)
  from space 2560K, 0% used [0x00000000ec400000,0x00000000ec400000,0x00000000ec680000)
  to   space 2560K, 0% used [0x00000000ec180000,0x00000000ec180000,0x00000000ec400000)
 ParOldGen       total 44032K, used 0K [0x00000000c1400000, 0x00000000c3f00000, 0x00000000eb180000)
  object space 44032K, 0% used [0x00000000c1400000,0x00000000c1400000,0x00000000c3f00000)
 Metaspace       used 8911K, capacity 9118K, committed 9344K, reserved 1056768K
  class space    used 1047K, capacity 1125K, committed 1152K, reserved 1048576K
Event: 30.555 GC heap after
Heap after GC invocations=1 (full 0):
 PSYoungGen      total 18944K, used 2553K [0x00000000eb180000, 0x00000000ec680000, 0x0000000100000000)
  eden space 16384K, 0% used [0x00000000eb180000,0x00000000eb180000,0x00000000ec180000)
  from space 2560K, 99% used [0x00000000ec180000,0x00000000ec3fe718,0x00000000ec400000)
  to   space 2560K, 0% used [0x00000000ec400000,0x00000000ec400000,0x00000000ec680000)
 ParOldGen       total 44032K, used 3700K [0x00000000c1400000, 0x00000000c3f00000, 0x00000000eb180000)
  object space 44032K, 8% used [0x00000000c1400000,0x00000000c179d1e8,0x00000000c3f00000)
 Metaspace       used 8911K, capacity 9118K, committed 9344K, reserved 1056768K
  class space    used 1047K, capacity 1125K, committed 1152K, reserved 1048576K
}
Event: 602.169 GC heap before
{Heap before GC invocations=2 (full 0):
 PSYoungGen      total 18944K, used 18937K [0x00000000eb180000, 0x00000000ec680000, 0x0000000100000000)
  eden space 16384K, 100% used [0x00000000eb180000,0x00000000ec180000,0x00000000ec180000)
  from space 2560K, 99% used [0x00000000ec180000,0x00000000ec3fe718,0x00000000ec400000)
  to   space 2560K, 0% used [0x00000000ec400000,0x00000000ec400000,0x00000000ec680000)
 ParOldGen       total 44032K, used 3700K [0x00000000c1400000, 0x00000000c3f00000, 0x00000000eb180000)
  object space 44032K, 8% used [0x00000000c1400000,0x00000000c179d1e8,0x00000000c3f00000)
 Metaspace       used 10822K, capacity 10984K, committed 11136K, reserved 1058816K
  class space    used 1264K, capacity 1318K, committed 1408K, reserved 1048576K
Event: 602.189 GC heap after
Heap after GC invocations=2 (full 0):
 PSYoungGen      total 18944K, used 2551K [0x00000000eb180000, 0x00000000ec680000, 0x0000000100000000)
  eden space 16384K, 0% used [0x00000000eb180000,0x00000000eb180000,0x00000000ec180000)
  from space 2560K, 99% used [0x00000000ec400000,0x00000000ec67dc20,0x00000000ec680000)
  to   space 2560K, 0% used [0x00000000ec180000,0x00000000ec180000,0x00000000ec400000)
 ParOldGen       total 44032K, used 11383K [0x00000000c1400000, 0x00000000c3f00000, 0x00000000eb180000)
  object space 44032K, 25% used [0x00000000c1400000,0x00000000c1f1dc90,0x00000000c3f00000)
 Metaspace       used 10822K, capacity 10984K, committed 11136K, reserved 1058816K
  class space    used 1264K, capacity 1318K, committed 1408K, reserved 1048576K
}
Event: 614.249 GC heap before
{Heap before GC invocations=3 (full 0):
 PSYoungGen      total 18944K, used 18935K [0x00000000eb180000, 0x00000000ec680000, 0x0000000100000000)
  eden space 16384K, 100% used [0x00000000eb180000,0x00000000ec180000,0x00000000ec180000)
  from space 2560K, 99% used [0x00000000ec400000,0x00000000ec67dc20,0x00000000ec680000)
  to   space 2560K, 0% used [0x00000000ec180000,0x00000000ec180000,0x00000000ec400000)
 ParOldGen       total 44032K, used 11383K [0x00000000c1400000, 0x00000000c3f00000, 0x00000000eb180000)
  object space 44032K, 25% used [0x00000000c1400000,0x00000000c1f1dc90,0x00000000c3f00000)
 Metaspace       used 10852K, capacity 11048K, committed 11392K, reserved 1058816K
  class space    used 1264K, capacity 1318K, committed 1408K, reserved 1048576K
Event: 614.291 GC heap after
Heap after GC invocations=3 (full 0):
 PSYoungGen      total 18944K, used 2535K [0x00000000eb180000, 0x00000000ec680000, 0x0000000100000000)
  eden space 16384K, 0% used [0x00000000eb180000,0x00000000eb180000,0x00000000ec180000)
  from space 2560K, 99% used [0x00000000ec180000,0x00000000ec3f9c30,0x00000000ec400000)
  to   space 2560K, 0% used [0x00000000ec400000,0x00000000ec400000,0x00000000ec680000)
 ParOldGen       total 44032K, used 23879K [0x00000000c1400000, 0x00000000c3f00000, 0x00000000eb180000)
  object space 44032K, 54% used [0x00000000c1400000,0x00000000c2b51c90,0x00000000c3f00000)
 Metaspace       used 10852K, capacity 11048K, committed 11392K, reserved 1058816K
  class space    used 1264K, capacity 1318K, committed 1408K, reserved 1048576K
}
Event: 622.905 GC heap before
{Heap before GC invocations=4 (full 0):
 PSYoungGen      total 18944K, used 18919K [0x00000000eb180000, 0x00000000ec680000, 0x0000000100000000)
  eden space 16384K, 100% used [0x00000000eb180000,0x00000000ec180000,0x00000000ec180000)
  from space 2560K, 99% used [0x00000000ec180000,0x00000000ec3f9c30,0x00000000ec400000)
  to   space 2560K, 0% used [0x00000000ec400000,0x00000000ec400000,0x00000000ec680000)
 ParOldGen       total 44032K, used 23879K [0x00000000c1400000, 0x00000000c3f00000, 0x00000000eb180000)
  object space 44032K, 54% used [0x00000000c1400000,0x00000000c2b51c90,0x00000000c3f00000)
 Metaspace       used 10852K, capacity 11048K, committed 11392K, reserved 1058816K
  class space    used 1264K, capacity 1318K, committed 1408K, reserved 1048576K
Event: 622.948 GC heap after
Heap after GC invocations=4 (full 0):
 PSYoungGen      total 18944K, used 2535K [0x00000000eb180000, 0x00000000ec680000, 0x0000000100000000)
  eden space 16384K, 0% used [0x00000000eb180000,0x00000000eb180000,0x00000000ec180000)
  from space 2560K, 99% used [0x00000000ec400000,0x00000000ec679c30,0x00000000ec680000)
  to   space 2560K, 0% used [0x00000000ec180000,0x00000000ec180000,0x00000000ec400000)
 ParOldGen       total 44032K, used 36735K [0x00000000c1400000, 0x00000000c3f00000, 0x00000000eb180000)
  object space 44032K, 83% used [0x00000000c1400000,0x00000000c37dfc90,0x00000000c3f00000)
 Metaspace       used 10852K, capacity 11048K, committed 11392K, reserved 1058816K
  class space    used 1264K, capacity 1318K, committed 1408K, reserved 1048576K
}
Event: 622.948 GC heap before
{Heap before GC invocations=5 (full 1):
 PSYoungGen      total 18944K, used 2535K [0x00000000eb180000, 0x00000000ec680000, 0x0000000100000000)
  eden space 16384K, 0% used [0x00000000eb180000,0x00000000eb180000,0x00000000ec180000)
  from space 2560K, 99% used [0x00000000ec400000,0x00000000ec679c30,0x00000000ec680000)
  to   space 2560K, 0% used [0x00000000ec180000,0x00000000ec180000,0x00000000ec400000)
 ParOldGen       total 44032K, used 36735K [0x00000000c1400000, 0x00000000c3f00000, 0x00000000eb180000)
  object space 44032K, 83% used [0x00000000c1400000,0x00000000c37dfc90,0x00000000c3f00000)
 Metaspace       used 10852K, capacity 11048K, committed 11392K, reserved 1058816K
  class space    used 1264K, capacity 1318K, committed 1408K, reserved 1048576K
Event: 623.297 GC heap after
Heap after GC invocations=5 (full 1):
 PSYoungGen      total 18944K, used 0K [0x00000000eb180000, 0x00000000ec680000, 0x0000000100000000)
  eden space 16384K, 0% used [0x00000000eb180000,0x00000000eb180000,0x00000000ec180000)
  from space 2560K, 0% used [0x00000000ec400000,0x00000000ec400000,0x00000000ec680000)
  to   space 2560K, 0% used [0x00000000ec180000,0x00000000ec180000,0x00000000ec400000)
 ParOldGen       total 69120K, used 35480K [0x00000000c1400000, 0x00000000c5780000, 0x00000000eb180000)
  object space 69120K, 51% used [0x00000000c1400000,0x00000000c36a6100,0x00000000c5780000)
 Metaspace       used 10852K, capacity 11048K, committed 11392K, reserved 1058816K
  class space    used 1264K, capacity 1318K, committed 1408K, reserved 1048576K
}

