# JRE version: Java(TM) SE Runtime Environment (8.0_73-b02) (build 1.8.0_73-b02)
# Java VM: Java HotSpot(TM) 64-Bit Server VM (25.73-b02 mixed mode windows-amd64 compressed oops)
Heap:
 PSYoungGen      total 18944K, used 931K [0x00000000eb180000, 0x00000000ec680000, 0x0000000100000000)
  eden space 16384K, 5% used [0x00000000eb180000,0x00000000eb268f68,0x00000000ec180000)
  from space 2560K, 0% used [0x00000000ec400000,0x00000000ec400000,0x00000000ec680000)
  to   space 2560K, 0% used [0x00000000ec180000,0x00000000ec180000,0x00000000ec400000)
 ParOldGen       total 63488K, used 32868K [0x00000000c1400000, 0x00000000c5200000, 0x00000000eb180000)
  object space 63488K, 51% used [0x00000000c1400000,0x00000000c34192c0,0x00000000c5200000)
 Metaspace       used 11679K, capacity 11942K, committed 12288K, reserved 1060864K
  class space    used 1381K, capacity 1483K, committed 1536K, reserved 1048576K
GC Heap History (10 events):
Event: 8.640 GC heap before
{Heap before GC invocations=1 (full 0):
 PSYoungGen      total 18944K, used 16384K [0x00000000eb180000, 0x00000000ec680000, 0x0000000100000000)
  eden space 16384K, 100% used [0x00000000eb180000,0x00000000ec180000,0x00000000ec180000)
  from space 2560K, 0% used [0x00000000ec400000,0x00000000ec400000,0x00000000ec680000)
  to   space 2560K, 0% used [0x00000000ec180000,0x00000000ec180000,0x00000000ec400000)
 ParOldGen       total 44032K, used 0K [0x00000000c1400000, 0x00000000c3f00000, 0x00000000eb180000)
  object space 44032K, 0% used [0x00000000c1400000,0x00000000c1400000,0x00000000c3f00000)
 Metaspace       used 8923K, capacity 9118K, committed 9344K, reserved 1056768K
  class space    used 1047K, capacity 1125K, committed 1152K, reserved 1048576K
Event: 8.742 GC heap after
Heap after GC invocations=1 (full 0):
 PSYoungGen      total 18944K, used 2539K [0x00000000eb180000, 0x00000000ec680000, 0x0000000100000000)
  eden space 16384K, 0% used [0x00000000eb180000,0x00000000eb180000,0x00000000ec180000)
  from space 2560K, 99% used [0x00000000ec180000,0x00000000ec3faec8,0x00000000ec400000)
  to   space 2560K, 0% used [0x00000000ec400000,0x00000000ec400000,0x00000000ec680000)
 ParOldGen       total 44032K, used 4510K [0x00000000c1400000, 0x00000000c3f00000, 0x00000000eb180000)
  object space 44032K, 10% used [0x00000000c1400000,0x00000000c1867808,0x00000000c3f00000)
 Metaspace       used 8923K, capacity 9118K, committed 9344K, reserved 1056768K
  class space    used 1047K, capacity 1125K, committed 1152K, reserved 1048576K
}
Event: 387.304 GC heap before
{Heap before GC invocations=2 (full 0):
 PSYoungGen      total 18944K, used 18923K [0x00000000eb180000, 0x00000000ec680000, 0x0000000100000000)
  eden space 16384K, 100% used [0x00000000eb180000,0x00000000ec180000,0x00000000ec180000)
  from space 2560K, 99% used [0x00000000ec180000,0x00000000ec3faec8,0x00000000ec400000)
  to   space 2560K, 0% used [0x00000000ec400000,0x00000000ec400000,0x00000000ec680000)
 ParOldGen       total 44032K, used 4510K [0x00000000c1400000, 0x00000000c3f00000, 0x00000000eb180000)
  object space 44032K, 10% used [0x00000000c1400000,0x00000000c1867808,0x00000000c3f00000)
 Metaspace       used 10789K, capacity 10984K, committed 11136K, reserved 1058816K
  class space    used 1270K, capacity 1318K, committed 1408K, reserved 1048576K
Event: 387.327 GC heap after
Heap after GC invocations=2 (full 0):
 PSYoungGen      total 18944K, used 2551K [0x00000000eb180000, 0x00000000ec680000, 0x0000000100000000)
  eden space 16384K, 0% used [0x00000000eb180000,0x00000000eb180000,0x00000000ec180000)
  from space 2560K, 99% used [0x00000000ec400000,0x00000000ec67dc40,0x00000000ec680000)
  to   space 2560K, 0% used [0x00000000ec180000,0x00000000ec180000,0x00000000ec400000)
 ParOldGen       total 44032K, used 13264K [0x00000000c1400000, 0x00000000c3f00000, 0x00000000eb180000)
  object space 44032K, 30% used [0x00000000c1400000,0x00000000c20f42b0,0x00000000c3f00000)
 Metaspace       used 10789K, capacity 10984K, committed 11136K, reserved 1058816K
  class space    used 1270K, capacity 1318K, committed 1408K, reserved 1048576K
}
Event: 402.376 GC heap before
{Heap before GC invocations=3 (full 0):
 PSYoungGen      total 18944K, used 18935K [0x00000000eb180000, 0x00000000ec680000, 0x0000000100000000)
  eden space 16384K, 100% used [0x00000000eb180000,0x00000000ec180000,0x00000000ec180000)
  from space 2560K, 99% used [0x00000000ec400000,0x00000000ec67dc40,0x00000000ec680000)
  to   space 2560K, 0% used [0x00000000ec180000,0x00000000ec180000,0x00000000ec400000)
 ParOldGen       total 44032K, used 13264K [0x00000000c1400000, 0x00000000c3f00000, 0x00000000eb180000)
  object space 44032K, 30% used [0x00000000c1400000,0x00000000c20f42b0,0x00000000c3f00000)
 Metaspace       used 10817K, capacity 10984K, committed 11136K, reserved 1058816K
  class space    used 1270K, capacity 1318K, committed 1408K, reserved 1048576K
Event: 402.416 GC heap after
Heap after GC invocations=3 (full 0):
 PSYoungGen      total 18944K, used 2551K [0x00000000eb180000, 0x00000000ec680000, 0x0000000100000000)
  eden space 16384K, 0% used [0x00000000eb180000,0x00000000eb180000,0x00000000ec180000)
  from space 2560K, 99% used [0x00000000ec180000,0x00000000ec3fdc20,0x00000000ec400000)
  to   space 2560K, 0% used [0x00000000ec400000,0x00000000ec400000,0x00000000ec680000)
 ParOldGen       total 44032K, used 26008K [0x00000000c1400000, 0x00000000c3f00000, 0x00000000eb180000)
  object space 44032K, 59% used [0x00000000c1400000,0x00000000c2d662b0,0x00000000c3f00000)
 Metaspace       used 10817K, capacity 10984K, committed 11136K, reserved 1058816K
  class space    used 1270K, capacity 1318K, committed 1408K, reserved 1048576K
}
Event: 514.855 GC heap before
{Heap before GC invocations=4 (full 0):
 PSYoungGen      total 18944K, used 18935K [0x00000000eb180000, 0x00000000ec680000, 0x0000000100000000)
  eden space 16384K, 100% used [0x00000000eb180000,0x00000000ec180000,0x00000000ec180000)
  from space 2560K, 99% used [0x00000000ec180000,0x00000000ec3fdc20,0x00000000ec400000)
  to   space 2560K, 0% used [0x00000000ec400000,0x00000000ec400000,0x00000000ec680000)
 ParOldGen       total 44032K, used 26008K [0x00000000c1400000, 0x00000000c3f00000, 0x00000000eb180000)
  object space 44032K, 59% used [0x00000000c1400000,0x00000000c2d662b0,0x00000000c3f00000)
 Metaspace       used 11679K, capacity 11942K, committed 12288K, reserved 1060864K
  class space    used 1381K, capacity 1483K, committed 1536K, reserved 1048576K
Event: 514.892 GC heap after
Heap after GC invocations=4 (full 0):
 PSYoungGen      total 18944K, used 2559K [0x00000000eb180000, 0x00000000ec680000, 0x0000000100000000)
  eden space 16384K, 0% used [0x00000000eb180000,0x00000000eb180000,0x00000000ec180000)
  from space 2560K, 99% used [0x00000000ec400000,0x00000000ec67fd30,0x00000000ec680000)
  to   space 2560K, 0% used [0x00000000ec180000,0x00000000ec180000,0x00000000ec400000)
 ParOldGen       total 44032K, used 35334K [0x00000000c1400000, 0x00000000c3f00000, 0x00000000eb180000)
  object space 44032K, 80% used [0x00000000c1400000,0x00000000c3681810,0x00000000c3f00000)
 Metaspace       used 11679K, capacity 11942K, committed 12288K, reserved 1060864K
  class space    used 1381K, capacity 1483K, committed 1536K, reserved 1048576K
}
Event: 514.892 GC heap before
{Heap before GC invocations=5 (full 1):
 PSYoungGen      total 18944K, used 2559K [0x00000000eb180000, 0x00000000ec680000, 0x0000000100000000)
  eden space 16384K, 0% used [0x00000000eb180000,0x00000000eb180000,0x00000000ec180000)
  from space 2560K, 99% used [0x00000000ec400000,0x00000000ec67fd30,0x00000000ec680000)
  to   space 2560K, 0% used [0x00000000ec180000,0x00000000ec180000,0x00000000ec400000)
 ParOldGen       total 44032K, used 35334K [0x00000000c1400000, 0x00000000c3f00000, 0x00000000eb180000)
  object space 44032K, 80% used [0x00000000c1400000,0x00000000c3681810,0x00000000c3f00000)
 Metaspace       used 11679K, capacity 11942K, committed 12288K, reserved 1060864K
  class space    used 1381K, capacity 1483K, committed 1536K, reserved 1048576K
Event: 515.268 GC heap after
Heap after GC invocations=5 (full 1):
 PSYoungGen      total 18944K, used 0K [0x00000000eb180000, 0x00000000ec680000, 0x0000000100000000)
  eden space 16384K, 0% used [0x00000000eb180000,0x00000000eb180000,0x00000000ec180000)
  from space 2560K, 0% used [0x00000000ec400000,0x00000000ec400000,0x00000000ec680000)
  to   space 2560K, 0% used [0x00000000ec180000,0x00000000ec180000,0x00000000ec400000)
 ParOldGen       total 63488K, used 32868K [0x00000000c1400000, 0x00000000c5200000, 0x00000000eb180000)
  object space 63488K, 51% used [0x00000000c1400000,0x00000000c34192c0,0x00000000c5200000)
 Metaspace       used 11679K, capacity 11942K, committed 12288K, reserved 1060864K
  class space    used 1381K, capacity 1483K, committed 1536K, reserved 1048576K
}

