# JRE version: Java(TM) SE Runtime Environment (8.0_73-b02) (build 1.8.0_73-b02)
# Java VM: Java HotSpot(TM) 64-Bit Server VM (25.73-b02 mixed mode windows-amd64 compressed oops)
Heap:
 PSYoungGen      total 31232K, used 11922K [0x00000000eb180000, 0x00000000ee080000, 0x0000000100000000)
  eden space 15360K, 1% used [0x00000000eb180000,0x00000000eb1cc868,0x00000000ec080000)
  from space 15872K, 73% used [0x00000000ed100000,0x00000000edc58000,0x00000000ee080000)
  to   space 16384K, 0% used [0x00000000ec080000,0x00000000ec080000,0x00000000ed080000)
 ParOldGen       total 70656K, used 49596K [0x00000000c1400000, 0x00000000c5900000, 0x00000000eb180000)
  object space 70656K, 70% used [0x00000000c1400000,0x00000000c446f200,0x00000000c5900000)
 Metaspace       used 10862K, capacity 11016K, committed 11136K, reserved 1058816K
  class space    used 1282K, capacity 1350K, committed 1408K, reserved 1048576K
GC Heap History (10 events):
Event: 459.019 GC heap before
{Heap before GC invocations=13 (full 1):
 PSYoungGen      total 27648K, used 27488K [0x00000000eb180000, 0x00000000ee380000, 0x0000000100000000)
  eden space 15360K, 100% used [0x00000000eb180000,0x00000000ec080000,0x00000000ec080000)
  from space 12288K, 98% used [0x00000000ec080000,0x00000000ecc58000,0x00000000ecc80000)
  to   space 17920K, 0% used [0x00000000ed200000,0x00000000ed200000,0x00000000ee380000)
 ParOldGen       total 70656K, used 49516K [0x00000000c1400000, 0x00000000c5900000, 0x00000000eb180000)
  object space 70656K, 70% used [0x00000000c1400000,0x00000000c445b200,0x00000000c5900000)
 Metaspace       used 10727K, capacity 10856K, committed 11136K, reserved 1058816K
  class space    used 1265K, capacity 1318K, committed 1408K, reserved 1048576K
Event: 459.055 GC heap after
Heap after GC invocations=13 (full 1):
 PSYoungGen      total 33280K, used 12096K [0x00000000eb180000, 0x00000000ee380000, 0x0000000100000000)
  eden space 15360K, 0% used [0x00000000eb180000,0x00000000eb180000,0x00000000ec080000)
  from space 17920K, 67% used [0x00000000ed200000,0x00000000eddd0000,0x00000000ee380000)
  to   space 17920K, 0% used [0x00000000ec080000,0x00000000ec080000,0x00000000ed200000)
 ParOldGen       total 70656K, used 49524K [0x00000000c1400000, 0x00000000c5900000, 0x00000000eb180000)
  object space 70656K, 70% used [0x00000000c1400000,0x00000000c445d200,0x00000000c5900000)
 Metaspace       used 10727K, capacity 10856K, committed 11136K, reserved 1058816K
  class space    used 1265K, capacity 1318K, committed 1408K, reserved 1048576K
}
Event: 465.483 GC heap before
{Heap before GC invocations=14 (full 1):
 PSYoungGen      total 33280K, used 27456K [0x00000000eb180000, 0x00000000ee380000, 0x0000000100000000)
  eden space 15360K, 100% used [0x00000000eb180000,0x00000000ec080000,0x00000000ec080000)
  from space 17920K, 67% used [0x00000000ed200000,0x00000000eddd0000,0x00000000ee380000)
  to   space 17920K, 0% used [0x00000000ec080000,0x00000000ec080000,0x00000000ed200000)
 ParOldGen       total 70656K, used 49524K [0x00000000c1400000, 0x00000000c5900000, 0x00000000eb180000)
  object space 70656K, 70% used [0x00000000c1400000,0x00000000c445d200,0x00000000c5900000)
 Metaspace       used 10727K, capacity 10856K, committed 11136K, reserved 1058816K
  class space    used 1265K, capacity 1318K, committed 1408K, reserved 1048576K
Event: 465.517 GC heap after
Heap after GC invocations=14 (full 1):
 PSYoungGen      total 27648K, used 12128K [0x00000000eb180000, 0x00000000ee280000, 0x0000000100000000)
  eden space 15360K, 0% used [0x00000000eb180000,0x00000000eb180000,0x00000000ec080000)
  from space 12288K, 98% used [0x00000000ec080000,0x00000000ecc58000,0x00000000ecc80000)
  to   space 17408K, 0% used [0x00000000ed180000,0x00000000ed180000,0x00000000ee280000)
 ParOldGen       total 70656K, used 49532K [0x00000000c1400000, 0x00000000c5900000, 0x00000000eb180000)
  object space 70656K, 70% used [0x00000000c1400000,0x00000000c445f200,0x00000000c5900000)
 Metaspace       used 10727K, capacity 10856K, committed 11136K, reserved 1058816K
  class space    used 1265K, capacity 1318K, committed 1408K, reserved 1048576K
}
Event: 474.469 GC heap before
{Heap before GC invocations=15 (full 1):
 PSYoungGen      total 27648K, used 27488K [0x00000000eb180000, 0x00000000ee280000, 0x0000000100000000)
  eden space 15360K, 100% used [0x00000000eb180000,0x00000000ec080000,0x00000000ec080000)
  from space 12288K, 98% used [0x00000000ec080000,0x00000000ecc58000,0x00000000ecc80000)
  to   space 17408K, 0% used [0x00000000ed180000,0x00000000ed180000,0x00000000ee280000)
 ParOldGen       total 70656K, used 49532K [0x00000000c1400000, 0x00000000c5900000, 0x00000000eb180000)
  object space 70656K, 70% used [0x00000000c1400000,0x00000000c445f200,0x00000000c5900000)
 Metaspace       used 10727K, capacity 10856K, committed 11136K, reserved 1058816K
  class space    used 1265K, capacity 1318K, committed 1408K, reserved 1048576K
Event: 474.513 GC heap after
Heap after GC invocations=15 (full 1):
 PSYoungGen      total 31744K, used 12128K [0x00000000eb180000, 0x00000000ee180000, 0x0000000100000000)
  eden space 15360K, 0% used [0x00000000eb180000,0x00000000eb180000,0x00000000ec080000)
  from space 16384K, 74% used [0x00000000ed180000,0x00000000edd58000,0x00000000ee180000)
  to   space 16896K, 0% used [0x00000000ec080000,0x00000000ec080000,0x00000000ed100000)
 ParOldGen       total 70656K, used 49548K [0x00000000c1400000, 0x00000000c5900000, 0x00000000eb180000)
  object space 70656K, 70% used [0x00000000c1400000,0x00000000c4463200,0x00000000c5900000)
 Metaspace       used 10727K, capacity 10856K, committed 11136K, reserved 1058816K
  class space    used 1265K, capacity 1318K, committed 1408K, reserved 1048576K
}
Event: 480.621 GC heap before
{Heap before GC invocations=16 (full 1):
 PSYoungGen      total 31744K, used 27488K [0x00000000eb180000, 0x00000000ee180000, 0x0000000100000000)
  eden space 15360K, 100% used [0x00000000eb180000,0x00000000ec080000,0x00000000ec080000)
  from space 16384K, 74% used [0x00000000ed180000,0x00000000edd58000,0x00000000ee180000)
  to   space 16896K, 0% used [0x00000000ec080000,0x00000000ec080000,0x00000000ed100000)
 ParOldGen       total 70656K, used 49548K [0x00000000c1400000, 0x00000000c5900000, 0x00000000eb180000)
  object space 70656K, 70% used [0x00000000c1400000,0x00000000c4463200,0x00000000c5900000)
 Metaspace       used 10727K, capacity 10856K, committed 11136K, reserved 1058816K
  class space    used 1265K, capacity 1318K, committed 1408K, reserved 1048576K
Event: 480.655 GC heap after
Heap after GC invocations=16 (full 1):
 PSYoungGen      total 32256K, used 12096K [0x00000000eb180000, 0x00000000ee180000, 0x0000000100000000)
  eden space 15360K, 0% used [0x00000000eb180000,0x00000000eb180000,0x00000000ec080000)
  from space 16896K, 71% used [0x00000000ec080000,0x00000000ecc50000,0x00000000ed100000)
  to   space 16896K, 0% used [0x00000000ed100000,0x00000000ed100000,0x00000000ee180000)
 ParOldGen       total 70656K, used 49572K [0x00000000c1400000, 0x00000000c5900000, 0x00000000eb180000)
  object space 70656K, 70% used [0x00000000c1400000,0x00000000c4469200,0x00000000c5900000)
 Metaspace       used 10727K, capacity 10856K, committed 11136K, reserved 1058816K
  class space    used 1265K, capacity 1318K, committed 1408K, reserved 1048576K
}
Event: 615.834 GC heap before
{Heap before GC invocations=17 (full 1):
 PSYoungGen      total 32256K, used 27456K [0x00000000eb180000, 0x00000000ee180000, 0x0000000100000000)
  eden space 15360K, 100% used [0x00000000eb180000,0x00000000ec080000,0x00000000ec080000)
  from space 16896K, 71% used [0x00000000ec080000,0x00000000ecc50000,0x00000000ed100000)
  to   space 16896K, 0% used [0x00000000ed100000,0x00000000ed100000,0x00000000ee180000)
 ParOldGen       total 70656K, used 49572K [0x00000000c1400000, 0x00000000c5900000, 0x00000000eb180000)
  object space 70656K, 70% used [0x00000000c1400000,0x00000000c4469200,0x00000000c5900000)
 Metaspace       used 10862K, capacity 11016K, committed 11136K, reserved 1058816K
  class space    used 1282K, capacity 1350K, committed 1408K, reserved 1048576K
Event: 615.870 GC heap after
Heap after GC invocations=17 (full 1):
 PSYoungGen      total 31232K, used 11616K [0x00000000eb180000, 0x00000000ee080000, 0x0000000100000000)
  eden space 15360K, 0% used [0x00000000eb180000,0x00000000eb180000,0x00000000ec080000)
  from space 15872K, 73% used [0x00000000ed100000,0x00000000edc58000,0x00000000ee080000)
  to   space 16384K, 0% used [0x00000000ec080000,0x00000000ec080000,0x00000000ed080000)
 ParOldGen       total 70656K, used 49596K [0x00000000c1400000, 0x00000000c5900000, 0x00000000eb180000)
  object space 70656K, 70% used [0x00000000c1400000,0x00000000c446f200,0x00000000c5900000)
 Metaspace       used 10862K, capacity 11016K, committed 11136K, reserved 1058816K
  class space    used 1282K, capacity 1350K, committed 1408K, reserved 1048576K
}

